20230609 21:46:11 INFO  [main] BaseTests.BaseTestPOM BaseTestPOM.java77 - https://login.salesforce.com/went to url and fetched url
20230609 21:46:11 INFO  [main] BaseTests.BaseTestPOM BaseTestPOM.java66 - url entered successfully
20230609 21:46:11 INFO  [main] tests.automationScripts automationScripts.java40 - inside salesforce test method
20230609 21:46:11 INFO  [main] tests.automationScripts automationScripts.java44 - application data property file is loaded
20230609 21:48:55 INFO  [main] BaseTests.BaseTestPOM BaseTestPOM.java77 - https://login.salesforce.com/went to url and fetched url
20230609 21:48:55 INFO  [main] BaseTests.BaseTestPOM BaseTestPOM.java66 - url entered successfully
20230609 21:48:55 INFO  [main] tests.automationScripts automationScripts.java40 - inside salesforce test method
20230609 21:48:55 INFO  [main] tests.automationScripts automationScripts.java44 - application data property file is loaded
20230609 21:49:51 INFO  [main] BaseTests.BaseTestPOM BaseTestPOM.java77 - https://login.salesforce.com/went to url and fetched url
20230609 21:49:51 INFO  [main] BaseTests.BaseTestPOM BaseTestPOM.java66 - url entered successfully
20230609 21:49:51 INFO  [main] tests.automationScripts automationScripts.java40 - inside salesforce test method
20230609 21:49:51 INFO  [main] tests.automationScripts automationScripts.java44 - application data property file is loaded
20230609 21:50:48 INFO  [main] BaseTests.BaseTestPOM BaseTestPOM.java77 - https://login.salesforce.com/went to url and fetched url
20230609 21:50:48 INFO  [main] BaseTests.BaseTestPOM BaseTestPOM.java66 - url entered successfully
20230609 21:50:48 INFO  [main] tests.automationScripts automationScripts.java40 - inside salesforce test method
20230609 21:50:48 INFO  [main] tests.automationScripts automationScripts.java44 - application data property file is loaded
20230609 21:50:50 INFO  [main] BaseTests.BaseTestPOM BaseTestPOM.java77 - https://login.salesforce.com/went to url and fetched url
20230609 21:50:50 INFO  [main] BaseTests.BaseTestPOM BaseTestPOM.java66 - url entered successfully
20230609 21:50:50 INFO  [main] tests.automationScripts automationScripts.java40 - inside salesforce test method
20230609 21:50:50 INFO  [main] tests.automationScripts automationScripts.java44 - application data property file is loaded
20230609 21:52:05 INFO  [main] BaseTests.BaseTestPOM BaseTestPOM.java77 - https://login.salesforce.com/went to url and fetched url
20230609 21:52:05 INFO  [main] BaseTests.BaseTestPOM BaseTestPOM.java66 - url entered successfully
20230609 21:52:05 INFO  [main] tests.automationScripts automationScripts.java40 - inside salesforce test method
20230609 21:52:05 INFO  [main] tests.automationScripts automationScripts.java44 - application data property file is loaded
20230609 21:54:40 INFO  [main] BaseTests.BaseTestPOM BaseTestPOM.java77 - https://login.salesforce.com/went to url and fetched url
20230609 21:54:40 INFO  [main] BaseTests.BaseTestPOM BaseTestPOM.java66 - url entered successfully
20230609 21:54:40 INFO  [main] tests.automationScripts automationScripts.java40 - inside salesforce test method
20230609 21:54:40 INFO  [main] tests.automationScripts automationScripts.java44 - application data property file is loaded
20230609 21:55:31 INFO  [main] BaseTests.BaseTestPOM BaseTestPOM.java77 - https://login.salesforce.com/went to url and fetched url
20230609 21:55:32 INFO  [main] BaseTests.BaseTestPOM BaseTestPOM.java66 - url entered successfully
20230609 21:55:32 INFO  [main] tests.automationScripts automationScripts.java40 - inside salesforce test method
20230609 21:55:32 INFO  [main] tests.automationScripts automationScripts.java44 - application data property file is loaded
20230609 21:56:32 INFO  [main] BaseTests.BaseTestPOM BaseTestPOM.java77 - https://login.salesforce.com/went to url and fetched url
20230609 21:56:32 INFO  [main] BaseTests.BaseTestPOM BaseTestPOM.java66 - url entered successfully
20230609 21:56:32 INFO  [main] tests.automationScripts automationScripts.java40 - inside salesforce test method
20230609 21:56:32 INFO  [main] tests.automationScripts automationScripts.java44 - application data property file is loaded
20230609 21:58:04 INFO  [main] BaseTests.BaseTestPOM BaseTestPOM.java77 - https://login.salesforce.com/went to url and fetched url
20230609 21:58:04 INFO  [main] BaseTests.BaseTestPOM BaseTestPOM.java66 - url entered successfully
20230609 21:58:04 INFO  [main] tests.automationScripts automationScripts.java40 - inside salesforce test method
20230609 21:58:04 INFO  [main] tests.automationScripts automationScripts.java44 - application data property file is loaded
20230609 21:58:39 INFO  [main] BaseTests.BaseTestPOM BaseTestPOM.java77 - https://login.salesforce.com/went to url and fetched url
20230609 21:58:39 INFO  [main] BaseTests.BaseTestPOM BaseTestPOM.java66 - url entered successfully
20230609 21:58:39 INFO  [main] tests.automationScripts automationScripts.java40 - inside salesforce test method
20230609 21:58:39 INFO  [main] tests.automationScripts automationScripts.java44 - application data property file is loaded
20230609 21:59:14 INFO  [main] BaseTests.BaseTestPOM BaseTestPOM.java77 - https://login.salesforce.com/went to url and fetched url
20230609 21:59:14 INFO  [main] BaseTests.BaseTestPOM BaseTestPOM.java66 - url entered successfully
20230609 21:59:14 INFO  [main] tests.automationScripts automationScripts.java40 - inside salesforce test method
20230609 21:59:14 INFO  [main] tests.automationScripts automationScripts.java44 - application data property file is loaded
20230609 21:59:45 INFO  [main] BaseTests.BaseTestPOM BaseTestPOM.java77 - https://login.salesforce.com/went to url and fetched url
20230609 21:59:45 INFO  [main] BaseTests.BaseTestPOM BaseTestPOM.java66 - url entered successfully
20230609 21:59:45 INFO  [main] tests.automationScripts automationScripts.java40 - inside salesforce test method
20230609 21:59:45 INFO  [main] tests.automationScripts automationScripts.java44 - application data property file is loaded
20230609 22:00:16 INFO  [main] BaseTests.BaseTestPOM BaseTestPOM.java77 - https://login.salesforce.com/went to url and fetched url
20230609 22:00:16 INFO  [main] BaseTests.BaseTestPOM BaseTestPOM.java66 - url entered successfully
20230609 22:00:16 INFO  [main] tests.automationScripts automationScripts.java40 - inside salesforce test method
20230609 22:00:16 INFO  [main] tests.automationScripts automationScripts.java44 - application data property file is loaded
20230609 22:02:59 INFO  [main] BaseTests.BaseTestPOM BaseTestPOM.java77 - https://login.salesforce.com/went to url and fetched url
20230609 22:02:59 INFO  [main] BaseTests.BaseTestPOM BaseTestPOM.java66 - url entered successfully
20230609 22:02:59 INFO  [main] tests.automationScripts automationScripts.java40 - inside salesforce test method
20230609 22:02:59 INFO  [main] tests.automationScripts automationScripts.java44 - application data property file is loaded
20230609 22:03:39 INFO  [main] BaseTests.BaseTestPOM BaseTestPOM.java77 - https://login.salesforce.com/went to url and fetched url
20230609 22:03:39 INFO  [main] BaseTests.BaseTestPOM BaseTestPOM.java66 - url entered successfully
20230609 22:03:39 INFO  [main] tests.automationScripts automationScripts.java40 - inside salesforce test method
20230609 22:03:39 INFO  [main] tests.automationScripts automationScripts.java44 - application data property file is loaded
20230609 22:07:05 INFO  [main] BaseTests.BaseTestPOM BaseTestPOM.java77 - https://login.salesforce.com/went to url and fetched url
20230609 22:07:05 INFO  [main] BaseTests.BaseTestPOM BaseTestPOM.java66 - url entered successfully
20230609 22:07:05 INFO  [main] tests.automationScripts automationScripts.java40 - inside salesforce test method
20230609 22:07:05 INFO  [main] tests.automationScripts automationScripts.java44 - application data property file is loaded
20230610 06:43:06 INFO  [main] BaseTests.BaseTestPOM BaseTestPOM.java77 - https://login.salesforce.com/went to url and fetched url
20230610 06:43:06 INFO  [main] BaseTests.BaseTestPOM BaseTestPOM.java66 - url entered successfully
20230610 06:43:06 INFO  [main] tests.automationScripts automationScripts.java40 - inside salesforce test method
20230610 06:43:06 INFO  [main] tests.automationScripts automationScripts.java44 - application data property file is loaded
20230610 06:49:47 INFO  [main] BaseTests.BaseTestPOM BaseTestPOM.java77 - https://login.salesforce.com/went to url and fetched url
20230610 06:49:47 INFO  [main] BaseTests.BaseTestPOM BaseTestPOM.java66 - url entered successfully
20230610 06:49:47 INFO  [main] tests.automationScripts automationScripts.java40 - inside salesforce test method
20230610 06:49:47 INFO  [main] tests.automationScripts automationScripts.java44 - application data property file is loaded
20230610 06:51:10 INFO  [main] BaseTests.BaseTestPOM BaseTestPOM.java77 - https://login.salesforce.com/went to url and fetched url
20230610 06:51:10 INFO  [main] BaseTests.BaseTestPOM BaseTestPOM.java66 - url entered successfully
20230610 06:51:10 INFO  [main] tests.automationScripts automationScripts.java40 - inside salesforce test method
20230610 06:51:10 INFO  [main] tests.automationScripts automationScripts.java44 - application data property file is loaded
20230610 06:53:18 INFO  [main] BaseTests.BaseTestPOM BaseTestPOM.java77 - https://login.salesforce.com/went to url and fetched url
20230610 06:53:18 INFO  [main] BaseTests.BaseTestPOM BaseTestPOM.java66 - url entered successfully
20230610 06:53:18 INFO  [main] tests.automationScripts automationScripts.java40 - inside salesforce test method
20230610 06:53:18 INFO  [main] tests.automationScripts automationScripts.java44 - application data property file is loaded
20230610 07:02:38 INFO  [main] BaseTests.BaseTestPOM BaseTestPOM.java77 - https://login.salesforce.com/went to url and fetched url
20230610 07:02:38 INFO  [main] BaseTests.BaseTestPOM BaseTestPOM.java66 - url entered successfully
20230610 07:02:38 INFO  [main] tests.automationScripts automationScripts.java40 - inside salesforce test method
20230610 07:02:38 INFO  [main] tests.automationScripts automationScripts.java44 - application data property file is loaded
20230610 07:04:21 INFO  [main] BaseTests.BaseTestPOM BaseTestPOM.java77 - https://login.salesforce.com/went to url and fetched url
20230610 07:04:21 INFO  [main] BaseTests.BaseTestPOM BaseTestPOM.java66 - url entered successfully
20230610 07:04:21 INFO  [main] tests.automationScripts automationScripts.java40 - inside salesforce test method
20230610 07:04:21 INFO  [main] tests.automationScripts automationScripts.java44 - application data property file is loaded
20230610 07:05:50 INFO  [main] BaseTests.BaseTestPOM BaseTestPOM.java77 - https://login.salesforce.com/went to url and fetched url
20230610 07:05:50 INFO  [main] BaseTests.BaseTestPOM BaseTestPOM.java66 - url entered successfully
20230610 07:05:50 INFO  [main] tests.automationScripts automationScripts.java40 - inside salesforce test method
20230610 07:05:50 INFO  [main] tests.automationScripts automationScripts.java44 - application data property file is loaded
20230610 07:12:37 INFO  [main] BaseTests.BaseTestPOM BaseTestPOM.java77 - https://login.salesforce.com/went to url and fetched url
20230610 07:12:37 INFO  [main] BaseTests.BaseTestPOM BaseTestPOM.java66 - url entered successfully
20230610 07:12:37 INFO  [main] tests.automationScripts automationScripts.java40 - inside salesforce test method
20230610 07:12:37 INFO  [main] tests.automationScripts automationScripts.java44 - application data property file is loaded
20230610 07:12:37 INFO  [main] BaseTests.BaseTestPOM BaseTestPOM.java72 - driver is closed
20230610 07:17:55 INFO  [main] BaseTests.BaseTestPOM BaseTestPOM.java79 - https://login.salesforce.com/went to url and fetched url
20230610 07:17:55 INFO  [main] BaseTests.BaseTestPOM BaseTestPOM.java68 - url entered successfully
20230610 07:17:55 INFO  [main] tests.automationScripts automationScripts.java40 - inside salesforce test method
20230610 07:17:55 INFO  [main] tests.automationScripts automationScripts.java44 - application data property file is loaded
20230610 07:17:55 INFO  [main] BaseTests.BaseTestPOM BaseTestPOM.java74 - driver is closed
20230610 07:21:01 INFO  [main] BaseTests.BaseTestPOM BaseTestPOM.java79 - https://login.salesforce.com/went to url and fetched url
20230610 07:21:01 INFO  [main] BaseTests.BaseTestPOM BaseTestPOM.java68 - url entered successfully
20230610 07:21:01 INFO  [main] tests.automationScripts automationScripts.java40 - inside salesforce test method
20230610 07:21:01 INFO  [main] tests.automationScripts automationScripts.java44 - application data property file is loaded
20230610 07:21:02 INFO  [main] base.BasePage BasePage.java53 - password is entered to the text filed
20230610 07:24:26 INFO  [main] BaseTests.BaseTestPOM BaseTestPOM.java80 - https://login.salesforce.com/went to url and fetched url
20230610 07:24:26 INFO  [main] BaseTests.BaseTestPOM BaseTestPOM.java68 - url entered successfully
20230610 07:24:26 INFO  [main] tests.automationScripts automationScripts.java40 - inside salesforce test method
20230610 07:24:26 INFO  [main] tests.automationScripts automationScripts.java44 - application data property file is loaded
20230610 07:24:27 INFO  [main] base.BasePage BasePage.java53 - password is entered to the text filed
20230610 07:27:19 INFO  [main] BaseTests.BaseTestPOM BaseTestPOM.java80 - https://login.salesforce.com/went to url and fetched url
20230610 07:27:19 INFO  [main] BaseTests.BaseTestPOM BaseTestPOM.java68 - url entered successfully
20230610 07:27:19 INFO  [main] tests.automationScripts automationScripts.java40 - inside salesforce test method
20230610 07:27:19 INFO  [main] tests.automationScripts automationScripts.java44 - application data property file is loaded
20230610 07:27:19 INFO  [main] base.BasePage BasePage.java53 - password is entered to the text filed
20230610 07:27:25 INFO  [main] base.BasePage BasePage.java65 - login button is clicked
20230610 07:28:53 INFO  [main] BaseTests.BaseTestPOM BaseTestPOM.java81 - https://login.salesforce.com/went to url and fetched url
20230610 07:28:53 INFO  [main] BaseTests.BaseTestPOM BaseTestPOM.java68 - url entered successfully
20230610 07:28:53 INFO  [main] tests.automationScripts automationScripts.java40 - inside salesforce test method
20230610 07:28:53 INFO  [main] tests.automationScripts automationScripts.java44 - application data property file is loaded
20230610 07:28:53 INFO  [main] base.BasePage BasePage.java53 - password is entered to the text filed
20230610 07:28:59 INFO  [main] base.BasePage BasePage.java65 - login button is clicked
20230610 07:30:53 INFO  [main] BaseTests.BaseTestPOM BaseTestPOM.java82 - https://login.salesforce.com/went to url and fetched url
20230610 07:30:53 INFO  [main] BaseTests.BaseTestPOM BaseTestPOM.java68 - url entered successfully
20230610 07:30:53 INFO  [main] tests.automationScripts automationScripts.java40 - inside salesforce test method
20230610 07:30:53 INFO  [main] tests.automationScripts automationScripts.java44 - application data property file is loaded
20230610 07:30:53 INFO  [main] base.BasePage BasePage.java53 - password is entered to the text filed
20230610 07:30:59 INFO  [main] base.BasePage BasePage.java65 - login button is clicked
20230610 07:32:48 INFO  [main] BaseTests.BaseTestPOM BaseTestPOM.java81 - https://login.salesforce.com/went to url and fetched url
20230610 07:32:48 INFO  [main] BaseTests.BaseTestPOM BaseTestPOM.java68 - url entered successfully
20230610 07:32:48 INFO  [main] tests.automationScripts automationScripts.java40 - inside salesforce test method
20230610 07:32:48 INFO  [main] tests.automationScripts automationScripts.java44 - application data property file is loaded
20230610 07:32:48 INFO  [main] base.BasePage BasePage.java53 - password is entered to the text filed
20230610 07:32:53 INFO  [main] BaseTests.BaseTestPOM BaseTestPOM.java76 - driver is closed
20230610 07:35:59 INFO  [main] BaseTests.BaseTestPOM BaseTestPOM.java81 - https://login.salesforce.com/went to url and fetched url
20230610 07:35:59 INFO  [main] BaseTests.BaseTestPOM BaseTestPOM.java68 - url entered successfully
20230610 07:35:59 INFO  [main] tests.automationScripts automationScripts.java40 - inside salesforce test method
20230610 07:35:59 INFO  [main] tests.automationScripts automationScripts.java44 - application data property file is loaded
20230610 07:35:59 INFO  [main] base.BasePage BasePage.java53 - password is entered to the text filed
20230610 07:36:03 INFO  [main] BaseTests.BaseTestPOM BaseTestPOM.java76 - driver is closed
20230610 07:36:40 INFO  [main] BaseTests.BaseTestPOM BaseTestPOM.java81 - https://login.salesforce.com/went to url and fetched url
20230610 07:36:40 INFO  [main] BaseTests.BaseTestPOM BaseTestPOM.java68 - url entered successfully
20230610 07:36:41 INFO  [main] tests.automationScripts automationScripts.java40 - inside salesforce test method
20230610 07:36:41 INFO  [main] tests.automationScripts automationScripts.java44 - application data property file is loaded
20230610 07:36:41 INFO  [main] base.BasePage BasePage.java53 - password is entered to the text filed
20230610 07:37:38 INFO  [main] BaseTests.BaseTestPOM BaseTestPOM.java81 - https://login.salesforce.com/went to url and fetched url
20230610 07:37:38 INFO  [main] BaseTests.BaseTestPOM BaseTestPOM.java68 - url entered successfully
20230610 07:37:38 INFO  [main] tests.automationScripts automationScripts.java40 - inside salesforce test method
20230610 07:37:38 INFO  [main] tests.automationScripts automationScripts.java44 - application data property file is loaded
20230610 07:37:43 INFO  [main] base.BasePage BasePage.java53 - password is entered to the text filed
20230610 07:39:17 INFO  [main] BaseTests.BaseTestPOM BaseTestPOM.java81 - https://login.salesforce.com/went to url and fetched url
20230610 07:39:17 INFO  [main] BaseTests.BaseTestPOM BaseTestPOM.java68 - url entered successfully
20230610 07:39:17 INFO  [main] tests.automationScripts automationScripts.java40 - inside salesforce test method
20230610 07:39:17 INFO  [main] tests.automationScripts automationScripts.java44 - application data property file is loaded
20230610 07:39:17 INFO  [main] base.BasePage BasePage.java53 - password is entered to the text filed
20230610 07:39:21 INFO  [main] BaseTests.BaseTestPOM BaseTestPOM.java76 - driver is closed
20230610 07:39:45 INFO  [main] BaseTests.BaseTestPOM BaseTestPOM.java81 - https://login.salesforce.com/went to url and fetched url
20230610 07:39:45 INFO  [main] BaseTests.BaseTestPOM BaseTestPOM.java68 - url entered successfully
20230610 07:39:45 INFO  [main] tests.automationScripts automationScripts.java40 - inside salesforce test method
20230610 07:39:45 INFO  [main] tests.automationScripts automationScripts.java44 - application data property file is loaded
20230610 07:39:46 INFO  [main] base.BasePage BasePage.java53 - password is entered to the text filed
20230610 07:39:50 INFO  [main] BaseTests.BaseTestPOM BaseTestPOM.java76 - driver is closed
20230610 08:02:49 INFO  [main] BaseTests.BaseTestPOM BaseTestPOM.java81 - https://login.salesforce.com/went to url and fetched url
20230610 08:02:49 INFO  [main] BaseTests.BaseTestPOM BaseTestPOM.java68 - url entered successfully
20230610 08:02:49 INFO  [main] tests.automationScripts automationScripts.java40 - inside salesforce test method
20230610 08:02:49 INFO  [main] tests.automationScripts automationScripts.java44 - application data property file is loaded
20230610 08:02:50 INFO  [main] base.BasePage BasePage.java53 - password is entered to the text filed
20230610 08:02:54 INFO  [main] BaseTests.BaseTestPOM BaseTestPOM.java76 - driver is closed
20230610 08:08:05 INFO  [main] BaseTests.BaseTestPOM BaseTestPOM.java81 - https://login.salesforce.com/went to url and fetched url
20230610 08:08:05 INFO  [main] BaseTests.BaseTestPOM BaseTestPOM.java68 - url entered successfully
20230610 08:08:05 INFO  [main] tests.automationScripts automationScripts.java40 - inside salesforce test method
20230610 08:08:05 INFO  [main] tests.automationScripts automationScripts.java44 - application data property file is loaded
20230610 08:08:06 INFO  [main] base.BasePage BasePage.java53 - password is entered to the text filed
20230610 08:08:10 INFO  [main] BaseTests.BaseTestPOM BaseTestPOM.java76 - driver is closed
20230610 08:19:04 INFO  [main] BaseTests.BaseTestPOM BaseTestPOM.java81 - https://login.salesforce.com/went to url and fetched url
20230610 08:19:04 INFO  [main] BaseTests.BaseTestPOM BaseTestPOM.java68 - url entered successfully
20230610 08:19:04 INFO  [main] tests.automationScripts automationScripts.java40 - inside salesforce test method
20230610 08:19:04 INFO  [main] tests.automationScripts automationScripts.java44 - application data property file is loaded
20230610 08:19:04 INFO  [main] base.BasePage BasePage.java53 - password is entered to the text filed
20230610 08:19:08 INFO  [main] BaseTests.BaseTestPOM BaseTestPOM.java76 - driver is closed
20230610 08:24:05 INFO  [main] BaseTests.BaseTestPOM BaseTestPOM.java81 - https://login.salesforce.com/went to url and fetched url
20230610 08:24:05 INFO  [main] BaseTests.BaseTestPOM BaseTestPOM.java68 - url entered successfully
20230610 08:24:05 INFO  [main] tests.automationScripts automationScripts.java41 - inside salesforce test method
20230610 08:24:05 INFO  [main] tests.automationScripts automationScripts.java45 - application data property file is loaded
20230610 08:24:05 INFO  [main] base.BasePage BasePage.java53 - password is entered to the text filed
20230610 08:24:09 INFO  [main] BaseTests.BaseTestPOM BaseTestPOM.java76 - driver is closed
20230610 08:29:15 INFO  [main] BaseTests.BaseTestPOM BaseTestPOM.java81 - https://login.salesforce.com/went to url and fetched url
20230610 08:29:15 INFO  [main] BaseTests.BaseTestPOM BaseTestPOM.java68 - url entered successfully
20230610 08:29:15 INFO  [main] tests.automationScripts automationScripts.java41 - inside salesforce test method
20230610 08:29:15 INFO  [main] tests.automationScripts automationScripts.java45 - application data property file is loaded
20230610 08:29:16 INFO  [main] base.BasePage BasePage.java53 - password is entered to the text filed
20230610 08:29:20 INFO  [main] BaseTests.BaseTestPOM BaseTestPOM.java76 - driver is closed
20230610 08:30:34 INFO  [main] BaseTests.BaseTestPOM BaseTestPOM.java81 - https://login.salesforce.com/went to url and fetched url
20230610 08:30:34 INFO  [main] BaseTests.BaseTestPOM BaseTestPOM.java68 - url entered successfully
20230610 08:30:34 INFO  [main] tests.automationScripts automationScripts.java41 - inside salesforce test method
20230610 08:30:34 INFO  [main] tests.automationScripts automationScripts.java45 - application data property file is loaded
20230610 08:30:35 INFO  [main] base.BasePage BasePage.java53 - password is entered to the text filed
20230610 08:30:39 INFO  [main] BaseTests.BaseTestPOM BaseTestPOM.java76 - driver is closed
20230610 08:49:12 INFO  [main] BaseTests.BaseTestPOM BaseTestPOM.java81 - https://login.salesforce.com/went to url and fetched url
20230610 08:49:12 INFO  [main] BaseTests.BaseTestPOM BaseTestPOM.java68 - url entered successfully
20230610 08:49:12 INFO  [main] tests.automationScripts automationScripts.java41 - inside salesforce test method
20230610 08:49:12 INFO  [main] tests.automationScripts automationScripts.java45 - application data property file is loaded
20230610 08:49:12 INFO  [main] base.BasePage BasePage.java53 - password is entered to the text filed
20230610 08:49:16 INFO  [main] BaseTests.BaseTestPOM BaseTestPOM.java76 - driver is closed
20230610 08:50:17 INFO  [main] BaseTests.BaseTestPOM BaseTestPOM.java81 - https://login.salesforce.com/went to url and fetched url
20230610 08:50:17 INFO  [main] BaseTests.BaseTestPOM BaseTestPOM.java68 - url entered successfully
20230610 08:50:17 INFO  [main] tests.automationScripts automationScripts.java41 - inside salesforce test method
20230610 08:50:17 INFO  [main] tests.automationScripts automationScripts.java45 - application data property file is loaded
20230610 08:50:17 INFO  [main] base.BasePage BasePage.java53 - password is entered to the text filed
20230610 08:50:22 INFO  [main] BaseTests.BaseTestPOM BaseTestPOM.java76 - driver is closed
20230610 08:51:01 INFO  [main] BaseTests.BaseTestPOM BaseTestPOM.java81 - https://login.salesforce.com/went to url and fetched url
20230610 08:51:01 INFO  [main] BaseTests.BaseTestPOM BaseTestPOM.java68 - url entered successfully
20230610 08:51:01 INFO  [main] tests.automationScripts automationScripts.java41 - inside salesforce test method
20230610 08:51:01 INFO  [main] tests.automationScripts automationScripts.java45 - application data property file is loaded
20230610 08:51:02 INFO  [main] base.BasePage BasePage.java53 - password is entered to the text filed
20230610 08:51:56 INFO  [main] BaseTests.BaseTestPOM BaseTestPOM.java81 - https://login.salesforce.com/went to url and fetched url
20230610 08:51:56 INFO  [main] BaseTests.BaseTestPOM BaseTestPOM.java68 - url entered successfully
20230610 08:51:56 INFO  [main] tests.automationScripts automationScripts.java41 - inside salesforce test method
20230610 08:51:56 INFO  [main] tests.automationScripts automationScripts.java45 - application data property file is loaded
20230610 08:51:57 INFO  [main] base.BasePage BasePage.java53 - password is entered to the text filed
20230610 08:52:03 INFO  [main] base.BasePage BasePage.java65 - login button is clicked
20230610 08:52:37 INFO  [main] BaseTests.BaseTestPOM BaseTestPOM.java81 - https://login.salesforce.com/went to url and fetched url
20230610 08:52:37 INFO  [main] BaseTests.BaseTestPOM BaseTestPOM.java68 - url entered successfully
20230610 08:52:37 INFO  [main] tests.automationScripts automationScripts.java41 - inside salesforce test method
20230610 08:52:37 INFO  [main] tests.automationScripts automationScripts.java45 - application data property file is loaded
20230610 08:52:37 INFO  [main] base.BasePage BasePage.java53 - password is entered to the text filed
20230610 08:53:21 INFO  [main] BaseTests.BaseTestPOM BaseTestPOM.java81 - https://login.salesforce.com/went to url and fetched url
20230610 08:53:21 INFO  [main] BaseTests.BaseTestPOM BaseTestPOM.java68 - url entered successfully
20230610 08:53:21 INFO  [main] tests.automationScripts automationScripts.java41 - inside salesforce test method
20230610 08:53:21 INFO  [main] tests.automationScripts automationScripts.java45 - application data property file is loaded
20230610 08:53:22 INFO  [main] base.BasePage BasePage.java53 - password is entered to the text filed
20230610 08:53:27 INFO  [main] base.BasePage BasePage.java65 - login button is clicked
20230610 08:54:10 INFO  [main] BaseTests.BaseTestPOM BaseTestPOM.java81 - https://login.salesforce.com/went to url and fetched url
20230610 08:54:10 INFO  [main] BaseTests.BaseTestPOM BaseTestPOM.java68 - url entered successfully
20230610 08:54:10 INFO  [main] tests.automationScripts automationScripts.java41 - inside salesforce test method
20230610 08:54:10 INFO  [main] tests.automationScripts automationScripts.java45 - application data property file is loaded
20230610 08:54:11 INFO  [main] base.BasePage BasePage.java53 - password is entered to the text filed
20230610 08:54:16 INFO  [main] base.BasePage BasePage.java65 - login button is clicked
20230610 08:54:37 INFO  [main] BaseTests.BaseTestPOM BaseTestPOM.java81 - https://login.salesforce.com/went to url and fetched url
20230610 08:54:37 INFO  [main] BaseTests.BaseTestPOM BaseTestPOM.java68 - url entered successfully
20230610 08:54:37 INFO  [main] tests.automationScripts automationScripts.java41 - inside salesforce test method
20230610 08:54:37 INFO  [main] tests.automationScripts automationScripts.java45 - application data property file is loaded
20230610 08:54:37 INFO  [main] base.BasePage BasePage.java53 - password is entered to the text filed
20230610 08:54:43 INFO  [main] base.BasePage BasePage.java65 - login button is clicked
20230610 08:56:44 INFO  [main] BaseTests.BaseTestPOM BaseTestPOM.java83 - https://login.salesforce.com/went to url and fetched url
20230610 08:56:44 INFO  [main] BaseTests.BaseTestPOM BaseTestPOM.java68 - url entered successfully
20230610 08:56:44 INFO  [main] tests.automationScripts automationScripts.java41 - inside salesforce test method
20230610 08:56:44 INFO  [main] tests.automationScripts automationScripts.java45 - application data property file is loaded
20230610 08:56:44 INFO  [main] base.BasePage BasePage.java53 - password is entered to the text filed
20230610 08:56:50 INFO  [main] base.BasePage BasePage.java65 - login button is clicked
20230610 08:59:31 INFO  [main] BaseTests.BaseTestPOM BaseTestPOM.java81 - https://login.salesforce.com/went to url and fetched url
20230610 08:59:31 INFO  [main] BaseTests.BaseTestPOM BaseTestPOM.java68 - url entered successfully
20230610 08:59:31 INFO  [main] tests.automationScripts automationScripts.java41 - inside salesforce test method
20230610 08:59:31 INFO  [main] tests.automationScripts automationScripts.java45 - application data property file is loaded
20230610 08:59:32 INFO  [main] base.BasePage BasePage.java53 - password is entered to the text filed
20230610 08:59:37 INFO  [main] base.BasePage BasePage.java65 - login button is clicked
20230610 09:06:22 INFO  [main] BaseTests.BaseTestPOM BaseTestPOM.java81 - https://login.salesforce.com/went to url and fetched url
20230610 09:06:22 INFO  [main] BaseTests.BaseTestPOM BaseTestPOM.java68 - url entered successfully
20230610 09:06:22 INFO  [main] tests.automationScripts automationScripts.java41 - inside salesforce test method
20230610 09:06:22 INFO  [main] tests.automationScripts automationScripts.java45 - application data property file is loaded
20230610 09:06:22 INFO  [main] base.BasePage BasePage.java53 - password is entered to the text filed
20230610 09:06:28 INFO  [main] base.BasePage BasePage.java65 - login button is clicked
20230610 09:24:56 INFO  [main] BaseTests.BaseTestPOM BaseTestPOM.java81 - https://login.salesforce.com/went to url and fetched url
20230610 09:24:56 INFO  [main] BaseTests.BaseTestPOM BaseTestPOM.java68 - url entered successfully
20230610 09:24:56 INFO  [main] base.BasePage BasePage.java65 - login button is clicked
20230610 11:48:23 INFO  [main] BaseTests.BaseTestPOM BaseTestPOM.java81 - https://login.salesforce.com/went to url and fetched url
20230610 11:48:23 INFO  [main] BaseTests.BaseTestPOM BaseTestPOM.java68 - url entered successfully
20230610 11:48:23 INFO  [main] base.BasePage BasePage.java65 - login button is clicked
20230610 14:19:28 INFO  [main] BaseTests.BaseTestPOM BaseTestPOM.java81 - https://login.salesforce.com/went to url and fetched url
20230610 14:19:28 INFO  [main] BaseTests.BaseTestPOM BaseTestPOM.java68 - url entered successfully
20230610 14:19:29 INFO  [main] base.BasePage BasePage.java65 - login button is clicked
20230610 14:21:19 INFO  [main] BaseTests.BaseTestPOM BaseTestPOM.java81 - https://login.salesforce.com/went to url and fetched url
20230610 14:21:19 INFO  [main] BaseTests.BaseTestPOM BaseTestPOM.java68 - url entered successfully
20230610 14:21:19 INFO  [main] base.BasePage BasePage.java65 - login button is clicked
20230610 14:30:25 INFO  [main] BaseTests.BaseTestPOM BaseTestPOM.java81 - https://login.salesforce.com/went to url and fetched url
20230610 14:30:25 INFO  [main] BaseTests.BaseTestPOM BaseTestPOM.java68 - url entered successfully
20230610 14:30:26 INFO  [main] base.BasePage BasePage.java65 - login button is clicked
20230610 14:31:10 INFO  [main] BaseTests.BaseTestPOM BaseTestPOM.java81 - https://login.salesforce.com/went to url and fetched url
20230610 14:31:10 INFO  [main] BaseTests.BaseTestPOM BaseTestPOM.java68 - url entered successfully
20230610 14:31:11 INFO  [main] base.BasePage BasePage.java65 - login button is clicked
20230610 14:31:48 INFO  [main] BaseTests.BaseTestPOM BaseTestPOM.java81 - https://login.salesforce.com/went to url and fetched url
20230610 14:31:48 INFO  [main] BaseTests.BaseTestPOM BaseTestPOM.java68 - url entered successfully
20230610 14:31:49 INFO  [main] base.BasePage BasePage.java65 - login button is clicked
20230610 14:32:58 INFO  [main] BaseTests.BaseTestPOM BaseTestPOM.java81 - https://login.salesforce.com/went to url and fetched url
20230610 14:32:58 INFO  [main] BaseTests.BaseTestPOM BaseTestPOM.java68 - url entered successfully
20230610 14:32:59 INFO  [main] base.BasePage BasePage.java65 - login button is clicked
20230610 14:41:37 INFO  [main] BaseTests.BaseTestPOM BaseTestPOM.java81 - https://login.salesforce.com/went to url and fetched url
20230610 14:41:37 INFO  [main] BaseTests.BaseTestPOM BaseTestPOM.java68 - url entered successfully
20230610 14:41:38 INFO  [main] base.BasePage BasePage.java65 - login button is clicked
20230610 14:41:38 INFO  [main] tests.automationScripts automationScripts.java78 - actualError is matched with expectedError
20230610 14:55:18 INFO  [main] BaseTests.BaseTestPOM BaseTestPOM.java81 - https://login.salesforce.com/went to url and fetched url
20230610 14:55:18 INFO  [main] BaseTests.BaseTestPOM BaseTestPOM.java68 - url entered successfully
20230610 14:55:19 INFO  [main] base.BasePage BasePage.java65 - login button is clicked
20230610 14:57:54 INFO  [main] BaseTests.BaseTestPOM BaseTestPOM.java81 - https://login.salesforce.com/went to url and fetched url
20230610 14:57:54 INFO  [main] BaseTests.BaseTestPOM BaseTestPOM.java68 - url entered successfully
20230610 14:57:54 INFO  [main] base.BasePage BasePage.java65 - login button is clicked
20230610 15:00:12 INFO  [main] BaseTests.BaseTestPOM BaseTestPOM.java81 - https://login.salesforce.com/went to url and fetched url
20230610 15:00:12 INFO  [main] BaseTests.BaseTestPOM BaseTestPOM.java68 - url entered successfully
20230610 15:00:12 INFO  [main] base.BasePage BasePage.java65 - login button is clicked
20230610 15:00:12 INFO  [main] tests.automationScripts automationScripts.java77 - actualError is matched with expectedError
20230610 18:13:07 INFO  [main] BaseTests.BaseTestPOM BaseTestPOM.java81 - https://login.salesforce.com/went to url and fetched url
20230610 18:13:07 INFO  [main] BaseTests.BaseTestPOM BaseTestPOM.java68 - url entered successfully
20230610 18:13:09 INFO  [main] base.BasePage BasePage.java65 - login button is clicked
20230610 18:14:40 INFO  [main] BaseTests.BaseTestPOM BaseTestPOM.java81 - https://login.salesforce.com/went to url and fetched url
20230610 18:14:40 INFO  [main] BaseTests.BaseTestPOM BaseTestPOM.java68 - url entered successfully
20230610 18:14:41 INFO  [main] base.BasePage BasePage.java65 - login button is clicked
20230610 18:14:41 INFO  [main] tests.automationScripts automationScripts.java79 - actualError is matched with expectedError
20230610 20:03:43 INFO  [main] BaseTests.BaseTestPOM BaseTestPOM.java81 - https://login.salesforce.com/went to url and fetched url
20230610 20:03:43 INFO  [main] BaseTests.BaseTestPOM BaseTestPOM.java68 - url entered successfully
20230610 20:03:43 INFO  [main] tests.automationScripts automationScripts.java64 - inside salesforce test method
20230610 20:03:43 INFO  [main] tests.automationScripts automationScripts.java67 - application data property file is loaded
20230610 20:03:43 INFO  [main] base.BasePage BasePage.java53 - password is entered to the text filed
20230610 20:03:49 INFO  [main] base.BasePage BasePage.java65 - login button is clicked
20230610 21:12:05 INFO  [main] BaseTests.BaseTestPOM BaseTestPOM.java81 - https://login.salesforce.com/went to url and fetched url
20230610 21:12:05 INFO  [main] BaseTests.BaseTestPOM BaseTestPOM.java68 - url entered successfully
20230610 21:12:05 INFO  [main] tests.automationScripts automationScripts.java64 - inside salesforce test method
20230610 21:12:05 INFO  [main] tests.automationScripts automationScripts.java67 - application data property file is loaded
20230610 21:12:05 INFO  [main] base.BasePage BasePage.java53 - password is entered to the text filed
20230610 21:12:11 INFO  [main] base.BasePage BasePage.java65 - login button is clicked
20230610 21:16:03 INFO  [main] BaseTests.BaseTestPOM BaseTestPOM.java81 - https://login.salesforce.com/went to url and fetched url
20230610 21:16:03 INFO  [main] BaseTests.BaseTestPOM BaseTestPOM.java68 - url entered successfully
20230610 21:16:03 INFO  [main] tests.automationScripts automationScripts.java64 - inside salesforce test method
20230610 21:16:03 INFO  [main] tests.automationScripts automationScripts.java67 - application data property file is loaded
20230610 21:16:03 INFO  [main] base.BasePage BasePage.java53 - password is entered to the text filed
20230610 21:16:45 INFO  [main] BaseTests.BaseTestPOM BaseTestPOM.java81 - https://login.salesforce.com/went to url and fetched url
20230610 21:16:45 INFO  [main] BaseTests.BaseTestPOM BaseTestPOM.java68 - url entered successfully
20230610 21:16:45 INFO  [main] tests.automationScripts automationScripts.java64 - inside salesforce test method
20230610 21:16:45 INFO  [main] tests.automationScripts automationScripts.java67 - application data property file is loaded
20230610 21:16:46 INFO  [main] base.BasePage BasePage.java53 - password is entered to the text filed
20230610 21:17:35 INFO  [main] BaseTests.BaseTestPOM BaseTestPOM.java81 - https://login.salesforce.com/went to url and fetched url
20230610 21:17:35 INFO  [main] BaseTests.BaseTestPOM BaseTestPOM.java68 - url entered successfully
20230610 21:17:35 INFO  [main] tests.automationScripts automationScripts.java64 - inside salesforce test method
20230610 21:17:35 INFO  [main] tests.automationScripts automationScripts.java67 - application data property file is loaded
20230610 21:17:35 INFO  [main] base.BasePage BasePage.java53 - password is entered to the text filed
20230610 21:17:42 INFO  [main] base.BasePage BasePage.java65 - login button is clicked
20230610 21:36:06 INFO  [main] BaseTests.BaseTestPOM BaseTestPOM.java81 - https://login.salesforce.com/went to url and fetched url
20230610 21:36:06 INFO  [main] BaseTests.BaseTestPOM BaseTestPOM.java68 - url entered successfully
20230610 21:36:06 INFO  [main] tests.automationScripts automationScripts.java83 - inside salesforce test method
20230610 21:36:06 INFO  [main] tests.automationScripts automationScripts.java86 - application data property file is loaded
20230610 21:36:07 INFO  [main] base.BasePage BasePage.java53 - password is entered to the text filed
20230610 21:36:13 INFO  [main] base.BasePage BasePage.java65 - login button is clicked
20230611 06:57:11 INFO  [main] BaseTests.BaseTestPOM BaseTestPOM.java81 - https://login.salesforce.com/went to url and fetched url
20230611 06:57:11 INFO  [main] BaseTests.BaseTestPOM BaseTestPOM.java68 - url entered successfully
20230611 06:57:12 INFO  [main] base.BasePage BasePage.java65 - login button is clicked
20230611 06:57:12 INFO  [main] tests.automationScripts automationScripts.java58 - actualError is matched with expectedError
20230611 06:57:15 INFO  [main] BaseTests.BaseTestPOM BaseTestPOM.java81 - https://login.salesforce.com/went to url and fetched url
20230611 06:57:15 INFO  [main] BaseTests.BaseTestPOM BaseTestPOM.java68 - url entered successfully
20230611 06:57:15 INFO  [main] tests.automationScripts automationScripts.java64 - inside salesforce test method
20230611 06:57:15 INFO  [main] tests.automationScripts automationScripts.java67 - application data property file is loaded
20230611 06:57:15 INFO  [main] base.BasePage BasePage.java53 - password is entered to the text filed
20230611 06:57:26 INFO  [main] base.BasePage BasePage.java65 - login button is clicked
20230611 06:57:30 INFO  [main] BaseTests.BaseTestPOM BaseTestPOM.java81 - https://login.salesforce.com/went to url and fetched url
20230611 06:57:30 INFO  [main] BaseTests.BaseTestPOM BaseTestPOM.java68 - url entered successfully
20230611 06:57:30 INFO  [main] tests.automationScripts automationScripts.java83 - inside salesforce login page
20230611 06:57:30 INFO  [main] tests.automationScripts automationScripts.java86 - application data property file is loaded
20230611 06:57:31 INFO  [main] base.BasePage BasePage.java53 - password is entered to the text filed
20230611 06:57:31 INFO  [main] base.BasePage BasePage.java97 - rememberMe checkBox is checked
20230611 06:57:36 INFO  [main] base.BasePage BasePage.java65 - login button is clicked
20230611 07:02:22 INFO  [main] BaseTests.BaseTestPOM BaseTestPOM.java81 - https://login.salesforce.com/went to url and fetched url
20230611 07:02:22 INFO  [main] BaseTests.BaseTestPOM BaseTestPOM.java68 - url entered successfully
20230611 07:02:23 INFO  [main] base.BasePage BasePage.java65 - login button is clicked
20230611 07:02:23 INFO  [main] tests.automationScripts automationScripts.java58 - actualError is matched with expectedError
20230611 07:02:28 INFO  [main] BaseTests.BaseTestPOM BaseTestPOM.java81 - https://login.salesforce.com/went to url and fetched url
20230611 07:02:28 INFO  [main] BaseTests.BaseTestPOM BaseTestPOM.java68 - url entered successfully
20230611 07:02:28 INFO  [main] tests.automationScripts automationScripts.java64 - inside salesforce test method
20230611 07:02:28 INFO  [main] tests.automationScripts automationScripts.java67 - application data property file is loaded
20230611 07:02:28 INFO  [main] base.BasePage BasePage.java53 - password is entered to the text filed
20230611 07:02:34 INFO  [main] base.BasePage BasePage.java65 - login button is clicked
20230611 07:02:36 INFO  [main] BaseTests.BaseTestPOM BaseTestPOM.java81 - https://login.salesforce.com/went to url and fetched url
20230611 07:02:36 INFO  [main] BaseTests.BaseTestPOM BaseTestPOM.java68 - url entered successfully
20230611 07:02:36 INFO  [main] tests.automationScripts automationScripts.java83 - inside salesforce login page
20230611 07:02:36 INFO  [main] tests.automationScripts automationScripts.java86 - application data property file is loaded
20230611 07:02:37 INFO  [main] base.BasePage BasePage.java53 - password is entered to the text filed
20230611 07:02:37 INFO  [main] base.BasePage BasePage.java97 - rememberMe checkBox is checked
20230611 07:02:43 INFO  [main] base.BasePage BasePage.java65 - login button is clicked
20230611 07:30:14 INFO  [main] BaseTests.BaseTestPOM BaseTestPOM.java81 - https://login.salesforce.com/went to url and fetched url
20230611 07:30:14 INFO  [main] BaseTests.BaseTestPOM BaseTestPOM.java68 - url entered successfully
20230611 07:30:15 INFO  [main] base.BasePage BasePage.java65 - login button is clicked
20230611 07:30:43 INFO  [main] BaseTests.BaseTestPOM BaseTestPOM.java81 - https://login.salesforce.com/went to url and fetched url
20230611 07:30:43 INFO  [main] BaseTests.BaseTestPOM BaseTestPOM.java68 - url entered successfully
20230611 07:30:44 INFO  [main] base.BasePage BasePage.java65 - login button is clicked
20230611 07:45:00 INFO  [main] BaseTests.BaseTestPOM BaseTestPOM.java81 - https://login.salesforce.com/went to url and fetched url
20230611 07:45:00 INFO  [main] BaseTests.BaseTestPOM BaseTestPOM.java68 - url entered successfully
20230611 07:45:00 INFO  [main] base.BasePage BasePage.java65 - login button is clicked
20230611 07:45:00 INFO  [main] tests.automationScripts automationScripts.java58 - actualError is matched with expectedError
20230611 07:45:03 INFO  [main] BaseTests.BaseTestPOM BaseTestPOM.java81 - https://login.salesforce.com/went to url and fetched url
20230611 07:45:03 INFO  [main] BaseTests.BaseTestPOM BaseTestPOM.java68 - url entered successfully
20230611 07:45:03 INFO  [main] tests.automationScripts automationScripts.java64 - inside salesforce test method
20230611 07:45:03 INFO  [main] tests.automationScripts automationScripts.java67 - application data property file is loaded
20230611 07:45:04 INFO  [main] base.BasePage BasePage.java53 - password is entered to the text filed
20230611 07:45:09 INFO  [main] base.BasePage BasePage.java65 - login button is clicked
20230611 07:45:12 INFO  [main] BaseTests.BaseTestPOM BaseTestPOM.java81 - https://login.salesforce.com/went to url and fetched url
20230611 07:45:12 INFO  [main] BaseTests.BaseTestPOM BaseTestPOM.java68 - url entered successfully
20230611 07:45:12 INFO  [main] tests.automationScripts automationScripts.java83 - inside salesforce login page
20230611 07:45:12 INFO  [main] tests.automationScripts automationScripts.java86 - application data property file is loaded
20230611 07:45:12 INFO  [main] base.BasePage BasePage.java53 - password is entered to the text filed
20230611 07:45:13 INFO  [main] base.BasePage BasePage.java97 - rememberMe checkBox is checked
20230611 07:45:18 INFO  [main] base.BasePage BasePage.java65 - login button is clicked
20230611 08:14:26 INFO  [main] BaseTests.BaseTestPOM BaseTestPOM.java81 - https://login.salesforce.com/went to url and fetched url
20230611 08:14:26 INFO  [main] BaseTests.BaseTestPOM BaseTestPOM.java68 - url entered successfully
20230611 08:14:26 INFO  [main] tests.automationScripts automationScripts.java83 - inside salesforce login page
20230611 08:14:26 INFO  [main] tests.automationScripts automationScripts.java86 - application data property file is loaded
20230611 08:14:26 INFO  [main] base.BasePage BasePage.java53 - password is entered to the text filed
20230611 08:14:32 INFO  [main] base.BasePage BasePage.java65 - login button is clicked
20230611 08:19:33 INFO  [main] BaseTests.BaseTestPOM BaseTestPOM.java81 - https://login.salesforce.com/went to url and fetched url
20230611 08:19:33 INFO  [main] BaseTests.BaseTestPOM BaseTestPOM.java68 - url entered successfully
20230611 08:19:33 INFO  [main] tests.automationScripts automationScripts.java83 - inside salesforce login page
20230611 08:19:33 INFO  [main] tests.automationScripts automationScripts.java86 - application data property file is loaded
20230611 08:19:34 INFO  [main] base.BasePage BasePage.java53 - password is entered to the text filed
20230611 08:19:40 INFO  [main] base.BasePage BasePage.java65 - login button is clicked
20230611 12:38:18 INFO  [main] BaseTests.BaseTestPOM BaseTestPOM.java81 - https://login.salesforce.com/went to url and fetched url
20230611 12:38:18 INFO  [main] BaseTests.BaseTestPOM BaseTestPOM.java68 - url entered successfully
20230611 12:38:18 INFO  [main] tests.automationScripts automationScripts.java83 - inside salesforce login page
20230611 12:38:18 INFO  [main] tests.automationScripts automationScripts.java86 - application data property file is loaded
20230611 12:38:19 INFO  [main] base.BasePage BasePage.java53 - password is entered to the text filed
20230611 12:38:24 INFO  [main] base.BasePage BasePage.java65 - login button is clicked
20230611 12:41:09 INFO  [main] BaseTests.BaseTestPOM BaseTestPOM.java81 - https://login.salesforce.com/went to url and fetched url
20230611 12:41:09 INFO  [main] BaseTests.BaseTestPOM BaseTestPOM.java68 - url entered successfully
20230611 12:41:09 INFO  [main] tests.automationScripts automationScripts.java83 - inside salesforce login page
20230611 12:41:09 INFO  [main] tests.automationScripts automationScripts.java86 - application data property file is loaded
20230611 12:41:09 INFO  [main] base.BasePage BasePage.java53 - password is entered to the text filed
20230611 12:46:28 INFO  [main] BaseTests.BaseTestPOM BaseTestPOM.java81 - https://login.salesforce.com/went to url and fetched url
20230611 12:46:28 INFO  [main] BaseTests.BaseTestPOM BaseTestPOM.java68 - url entered successfully
20230611 12:46:28 INFO  [main] tests.automationScripts automationScripts.java83 - inside salesforce login page
20230611 12:46:28 INFO  [main] tests.automationScripts automationScripts.java86 - application data property file is loaded
20230611 12:46:28 INFO  [main] base.BasePage BasePage.java53 - password is entered to the text filed
20230611 12:46:34 INFO  [main] base.BasePage BasePage.java65 - login button is clicked
20230611 12:57:25 INFO  [main] BaseTests.BaseTestPOM BaseTestPOM.java81 - https://login.salesforce.com/went to url and fetched url
20230611 12:57:25 INFO  [main] BaseTests.BaseTestPOM BaseTestPOM.java68 - url entered successfully
20230611 12:57:25 INFO  [main] tests.automationScripts automationScripts.java83 - inside salesforce login page
20230611 12:57:25 INFO  [main] tests.automationScripts automationScripts.java86 - application data property file is loaded
20230611 12:57:25 INFO  [main] base.BasePage BasePage.java53 - password is entered to the text filed
20230611 12:57:31 INFO  [main] base.BasePage BasePage.java65 - login button is clicked
20230611 12:58:49 INFO  [main] BaseTests.BaseTestPOM BaseTestPOM.java81 - https://login.salesforce.com/went to url and fetched url
20230611 12:58:49 INFO  [main] BaseTests.BaseTestPOM BaseTestPOM.java68 - url entered successfully
20230611 12:58:49 INFO  [main] tests.automationScripts automationScripts.java83 - inside salesforce login page
20230611 12:58:49 INFO  [main] tests.automationScripts automationScripts.java86 - application data property file is loaded
20230611 12:58:50 INFO  [main] base.BasePage BasePage.java53 - password is entered to the text filed
20230611 12:58:56 INFO  [main] base.BasePage BasePage.java65 - login button is clicked
20230611 13:05:37 INFO  [main] BaseTests.BaseTestPOM BaseTestPOM.java81 - https://login.salesforce.com/went to url and fetched url
20230611 13:05:37 INFO  [main] BaseTests.BaseTestPOM BaseTestPOM.java68 - url entered successfully
20230611 13:05:37 INFO  [main] tests.automationScripts automationScripts.java83 - inside salesforce login page
20230611 13:05:37 INFO  [main] tests.automationScripts automationScripts.java86 - application data property file is loaded
20230611 13:05:38 INFO  [main] base.BasePage BasePage.java53 - password is entered to the text filed
20230611 13:12:23 INFO  [main] BaseTests.BaseTestPOM BaseTestPOM.java81 - https://login.salesforce.com/went to url and fetched url
20230611 13:12:23 INFO  [main] BaseTests.BaseTestPOM BaseTestPOM.java68 - url entered successfully
20230611 13:12:23 INFO  [main] tests.automationScripts automationScripts.java83 - inside salesforce login page
20230611 13:12:23 INFO  [main] tests.automationScripts automationScripts.java86 - application data property file is loaded
20230611 13:12:24 INFO  [main] base.BasePage BasePage.java53 - password is entered to the text filed
20230611 13:13:35 INFO  [main] BaseTests.BaseTestPOM BaseTestPOM.java81 - https://login.salesforce.com/went to url and fetched url
20230611 13:13:35 INFO  [main] BaseTests.BaseTestPOM BaseTestPOM.java68 - url entered successfully
20230611 13:13:35 INFO  [main] tests.automationScripts automationScripts.java83 - inside salesforce login page
20230611 13:13:35 INFO  [main] tests.automationScripts automationScripts.java86 - application data property file is loaded
20230611 13:13:36 INFO  [main] base.BasePage BasePage.java53 - password is entered to the text filed
20230611 13:15:13 INFO  [main] BaseTests.BaseTestPOM BaseTestPOM.java81 - https://login.salesforce.com/went to url and fetched url
20230611 13:15:13 INFO  [main] BaseTests.BaseTestPOM BaseTestPOM.java68 - url entered successfully
20230611 13:15:13 INFO  [main] tests.automationScripts automationScripts.java83 - inside salesforce login page
20230611 13:15:13 INFO  [main] tests.automationScripts automationScripts.java86 - application data property file is loaded
20230611 13:15:14 INFO  [main] base.BasePage BasePage.java53 - password is entered to the text filed
20230611 13:18:23 INFO  [main] BaseTests.BaseTestPOM BaseTestPOM.java81 - https://login.salesforce.com/went to url and fetched url
20230611 13:18:23 INFO  [main] BaseTests.BaseTestPOM BaseTestPOM.java68 - url entered successfully
20230611 13:18:23 INFO  [main] tests.automationScripts automationScripts.java83 - inside salesforce login page
20230611 13:18:23 INFO  [main] tests.automationScripts automationScripts.java86 - application data property file is loaded
20230611 13:18:24 INFO  [main] base.BasePage BasePage.java53 - password is entered to the text filed
20230611 13:19:22 INFO  [main] BaseTests.BaseTestPOM BaseTestPOM.java81 - https://login.salesforce.com/went to url and fetched url
20230611 13:19:22 INFO  [main] BaseTests.BaseTestPOM BaseTestPOM.java68 - url entered successfully
20230611 13:19:22 INFO  [main] tests.automationScripts automationScripts.java83 - inside salesforce login page
20230611 13:19:22 INFO  [main] tests.automationScripts automationScripts.java86 - application data property file is loaded
20230611 13:19:22 INFO  [main] base.BasePage BasePage.java53 - password is entered to the text filed
20230611 13:21:43 INFO  [main] BaseTests.BaseTestPOM BaseTestPOM.java81 - https://login.salesforce.com/went to url and fetched url
20230611 13:21:43 INFO  [main] BaseTests.BaseTestPOM BaseTestPOM.java68 - url entered successfully
20230611 13:21:44 INFO  [main] base.BasePage BasePage.java65 - login button is clicked
20230611 13:21:44 INFO  [main] tests.automationScripts automationScripts.java58 - actualError is matched with expectedError
20230611 13:22:23 INFO  [main] BaseTests.BaseTestPOM BaseTestPOM.java81 - https://login.salesforce.com/went to url and fetched url
20230611 13:22:23 INFO  [main] BaseTests.BaseTestPOM BaseTestPOM.java68 - url entered successfully
20230611 13:22:23 INFO  [main] tests.automationScripts automationScripts.java83 - inside salesforce login page
20230611 13:22:23 INFO  [main] tests.automationScripts automationScripts.java86 - application data property file is loaded
20230611 13:22:23 INFO  [main] base.BasePage BasePage.java53 - password is entered to the text filed
20230611 13:22:29 INFO  [main] base.BasePage BasePage.java65 - login button is clicked
20230611 13:30:56 INFO  [main] BaseTests.BaseTestPOM BaseTestPOM.java81 - https://login.salesforce.com/went to url and fetched url
20230611 13:30:56 INFO  [main] BaseTests.BaseTestPOM BaseTestPOM.java68 - url entered successfully
20230611 13:30:56 INFO  [main] tests.automationScripts automationScripts.java102 - inside salesforce home page
20230611 13:30:56 INFO  [main] tests.automationScripts automationScripts.java105 - application data property file is loaded
20230611 13:33:34 INFO  [main] BaseTests.BaseTestPOM BaseTestPOM.java81 - https://login.salesforce.com/went to url and fetched url
20230611 13:33:34 INFO  [main] BaseTests.BaseTestPOM BaseTestPOM.java68 - url entered successfully
20230611 13:33:34 INFO  [main] tests.automationScripts automationScripts.java102 - inside salesforce home page
20230611 13:33:34 INFO  [main] tests.automationScripts automationScripts.java105 - application data property file is loaded
20230611 13:34:13 INFO  [main] BaseTests.BaseTestPOM BaseTestPOM.java81 - https://login.salesforce.com/went to url and fetched url
20230611 13:34:13 INFO  [main] BaseTests.BaseTestPOM BaseTestPOM.java68 - url entered successfully
20230611 13:34:13 INFO  [main] tests.automationScripts automationScripts.java102 - inside salesforce home page
20230611 13:34:13 INFO  [main] tests.automationScripts automationScripts.java105 - application data property file is loaded
20230611 13:34:13 INFO  [main] base.BasePage BasePage.java53 - password is entered to the text filed
20230611 13:34:56 INFO  [main] BaseTests.BaseTestPOM BaseTestPOM.java81 - https://login.salesforce.com/went to url and fetched url
20230611 13:34:56 INFO  [main] BaseTests.BaseTestPOM BaseTestPOM.java68 - url entered successfully
20230611 13:34:56 INFO  [main] tests.automationScripts automationScripts.java102 - inside salesforce home page
20230611 13:34:56 INFO  [main] tests.automationScripts automationScripts.java105 - application data property file is loaded
20230611 13:34:56 INFO  [main] base.BasePage BasePage.java53 - password is entered to the text filed
20230611 13:34:58 INFO  [main] base.BasePage BasePage.java65 - login button is clicked
20230611 13:36:02 INFO  [main] BaseTests.BaseTestPOM BaseTestPOM.java81 - https://login.salesforce.com/went to url and fetched url
20230611 13:36:02 INFO  [main] BaseTests.BaseTestPOM BaseTestPOM.java68 - url entered successfully
20230611 13:36:02 INFO  [main] tests.automationScripts automationScripts.java102 - inside salesforce home page
20230611 13:36:02 INFO  [main] tests.automationScripts automationScripts.java105 - application data property file is loaded
20230611 13:36:02 INFO  [main] base.BasePage BasePage.java53 - password is entered to the text filed
20230611 13:36:04 INFO  [main] base.BasePage BasePage.java65 - login button is clicked
20230611 13:40:33 INFO  [main] BaseTests.BaseTestPOM BaseTestPOM.java81 - https://login.salesforce.com/went to url and fetched url
20230611 13:40:33 INFO  [main] BaseTests.BaseTestPOM BaseTestPOM.java68 - url entered successfully
20230611 13:40:33 INFO  [main] tests.automationScripts automationScripts.java102 - inside salesforce home page
20230611 13:40:33 INFO  [main] tests.automationScripts automationScripts.java105 - application data property file is loaded
20230611 13:40:33 INFO  [main] base.BasePage BasePage.java53 - password is entered to the text filed
20230611 13:40:33 INFO  [main] base.BasePage BasePage.java65 - login button is clicked
20230611 13:42:30 INFO  [main] BaseTests.BaseTestPOM BaseTestPOM.java81 - https://login.salesforce.com/went to url and fetched url
20230611 13:42:30 INFO  [main] BaseTests.BaseTestPOM BaseTestPOM.java68 - url entered successfully
20230611 13:42:30 INFO  [main] tests.automationScripts automationScripts.java102 - inside salesforce home page
20230611 13:42:30 INFO  [main] tests.automationScripts automationScripts.java105 - application data property file is loaded
20230611 13:42:30 INFO  [main] base.BasePage BasePage.java53 - password is entered to the text filed
20230611 13:42:32 INFO  [main] base.BasePage BasePage.java65 - login button is clicked
20230611 13:43:57 INFO  [main] BaseTests.BaseTestPOM BaseTestPOM.java81 - https://login.salesforce.com/went to url and fetched url
20230611 13:43:57 INFO  [main] BaseTests.BaseTestPOM BaseTestPOM.java68 - url entered successfully
20230611 13:43:57 INFO  [main] tests.automationScripts automationScripts.java102 - inside salesforce home page
20230611 13:43:57 INFO  [main] tests.automationScripts automationScripts.java105 - application data property file is loaded
20230611 13:43:57 INFO  [main] base.BasePage BasePage.java53 - password is entered to the text filed
20230611 13:43:59 INFO  [main] base.BasePage BasePage.java65 - login button is clicked
20230611 13:46:18 INFO  [main] BaseTests.BaseTestPOM BaseTestPOM.java81 - https://login.salesforce.com/went to url and fetched url
20230611 13:46:18 INFO  [main] BaseTests.BaseTestPOM BaseTestPOM.java68 - url entered successfully
20230611 13:46:18 INFO  [main] tests.automationScripts automationScripts.java102 - inside salesforce home page
20230611 13:46:18 INFO  [main] tests.automationScripts automationScripts.java105 - application data property file is loaded
20230611 13:46:19 INFO  [main] base.BasePage BasePage.java53 - password is entered to the text filed
20230611 13:46:21 INFO  [main] base.BasePage BasePage.java65 - login button is clicked
20230611 13:48:14 INFO  [main] BaseTests.BaseTestPOM BaseTestPOM.java81 - https://login.salesforce.com/went to url and fetched url
20230611 13:48:14 INFO  [main] BaseTests.BaseTestPOM BaseTestPOM.java68 - url entered successfully
20230611 13:48:14 INFO  [main] tests.automationScripts automationScripts.java102 - inside salesforce home page
20230611 13:48:14 INFO  [main] tests.automationScripts automationScripts.java105 - application data property file is loaded
20230611 13:48:15 INFO  [main] base.BasePage BasePage.java53 - password is entered to the text filed
20230611 13:48:16 INFO  [main] base.BasePage BasePage.java65 - login button is clicked
20230611 21:40:42 INFO  [main] BaseTests.BaseTestPOM BaseTestPOM.java81 - https://login.salesforce.com/went to url and fetched url
20230611 21:40:42 INFO  [main] BaseTests.BaseTestPOM BaseTestPOM.java68 - url entered successfully
20230611 21:40:43 INFO  [main] base.BasePage BasePage.java65 - login button is clicked
20230611 21:40:43 INFO  [main] tests.automationScripts automationScripts.java58 - actualError is matched with expectedError
20230611 21:40:47 INFO  [main] BaseTests.BaseTestPOM BaseTestPOM.java81 - https://login.salesforce.com/went to url and fetched url
20230611 21:40:47 INFO  [main] BaseTests.BaseTestPOM BaseTestPOM.java68 - url entered successfully
20230611 21:40:47 INFO  [main] tests.automationScripts automationScripts.java64 - inside salesforce test method
20230611 21:40:47 INFO  [main] tests.automationScripts automationScripts.java67 - application data property file is loaded
20230611 21:40:48 INFO  [main] base.BasePage BasePage.java53 - password is entered to the text filed
20230611 21:40:54 INFO  [main] base.BasePage BasePage.java65 - login button is clicked
20230611 21:40:57 INFO  [main] BaseTests.BaseTestPOM BaseTestPOM.java81 - https://login.salesforce.com/went to url and fetched url
20230611 21:40:57 INFO  [main] BaseTests.BaseTestPOM BaseTestPOM.java68 - url entered successfully
20230611 21:40:57 INFO  [main] tests.automationScripts automationScripts.java102 - inside salesforce home page
20230611 21:40:57 INFO  [main] tests.automationScripts automationScripts.java105 - application data property file is loaded
20230611 21:40:58 INFO  [main] base.BasePage BasePage.java53 - password is entered to the text filed
20230611 21:41:00 INFO  [main] base.BasePage BasePage.java65 - login button is clicked
20230611 21:41:08 INFO  [main] BaseTests.BaseTestPOM BaseTestPOM.java81 - https://login.salesforce.com/went to url and fetched url
20230611 21:41:08 INFO  [main] BaseTests.BaseTestPOM BaseTestPOM.java68 - url entered successfully
20230611 21:41:08 INFO  [main] tests.automationScripts automationScripts.java83 - inside salesforce login page
20230611 21:41:08 INFO  [main] tests.automationScripts automationScripts.java86 - application data property file is loaded
20230611 21:41:09 INFO  [main] base.BasePage BasePage.java53 - password is entered to the text filed
20230611 21:41:14 INFO  [main] base.BasePage BasePage.java65 - login button is clicked
20230611 21:46:27 INFO  [main] BaseTests.BaseTestPOM BaseTestPOM.java81 - https://login.salesforce.com/went to url and fetched url
20230611 21:46:27 INFO  [main] BaseTests.BaseTestPOM BaseTestPOM.java68 - url entered successfully
20230611 21:46:27 INFO  [main] tests.automationScripts automationScripts.java102 - inside salesforce home page
20230611 21:46:27 INFO  [main] tests.automationScripts automationScripts.java105 - application data property file is loaded
20230611 21:46:27 INFO  [main] base.BasePage BasePage.java53 - password is entered to the text filed
20230611 21:46:28 INFO  [main] base.BasePage BasePage.java65 - login button is clicked
20230611 21:48:49 INFO  [main] BaseTests.BaseTestPOM BaseTestPOM.java81 - https://login.salesforce.com/went to url and fetched url
20230611 21:48:49 INFO  [main] BaseTests.BaseTestPOM BaseTestPOM.java68 - url entered successfully
20230611 21:48:49 INFO  [main] tests.automationScripts automationScripts.java102 - inside salesforce home page
20230611 21:48:49 INFO  [main] tests.automationScripts automationScripts.java105 - application data property file is loaded
20230611 21:48:49 INFO  [main] base.BasePage BasePage.java53 - password is entered to the text filed
20230611 21:48:51 INFO  [main] base.BasePage BasePage.java65 - login button is clicked
20230611 21:53:08 INFO  [main] BaseTests.BaseTestPOM BaseTestPOM.java81 - https://login.salesforce.com/went to url and fetched url
20230611 21:53:08 INFO  [main] BaseTests.BaseTestPOM BaseTestPOM.java68 - url entered successfully
20230611 21:53:08 INFO  [main] tests.automationScripts automationScripts.java102 - inside salesforce home page
20230611 21:53:08 INFO  [main] tests.automationScripts automationScripts.java105 - application data property file is loaded
20230611 21:53:08 INFO  [main] base.BasePage BasePage.java53 - password is entered to the text filed
20230611 21:53:13 INFO  [main] base.BasePage BasePage.java65 - login button is clicked
20230611 21:53:39 INFO  [main] BaseTests.BaseTestPOM BaseTestPOM.java81 - https://login.salesforce.com/went to url and fetched url
20230611 21:53:39 INFO  [main] BaseTests.BaseTestPOM BaseTestPOM.java68 - url entered successfully
20230611 21:53:39 INFO  [main] tests.automationScripts automationScripts.java102 - inside salesforce home page
20230611 21:53:39 INFO  [main] tests.automationScripts automationScripts.java105 - application data property file is loaded
20230611 21:53:40 INFO  [main] base.BasePage BasePage.java53 - password is entered to the text filed
20230611 21:53:41 INFO  [main] base.BasePage BasePage.java65 - login button is clicked
20230611 21:55:26 INFO  [main] BaseTests.BaseTestPOM BaseTestPOM.java81 - https://login.salesforce.com/went to url and fetched url
20230611 21:55:26 INFO  [main] BaseTests.BaseTestPOM BaseTestPOM.java68 - url entered successfully
20230611 21:55:26 INFO  [main] tests.automationScripts automationScripts.java102 - inside salesforce home page
20230611 21:55:26 INFO  [main] tests.automationScripts automationScripts.java105 - application data property file is loaded
20230611 21:55:26 INFO  [main] base.BasePage BasePage.java53 - password is entered to the text filed
20230611 21:55:28 INFO  [main] base.BasePage BasePage.java65 - login button is clicked
20230611 22:08:57 INFO  [main] BaseTests.BaseTestPOM BaseTestPOM.java81 - https://login.salesforce.com/went to url and fetched url
20230611 22:08:57 INFO  [main] BaseTests.BaseTestPOM BaseTestPOM.java68 - url entered successfully
20230611 22:09:01 INFO  [main] BaseTests.BaseTestPOM BaseTestPOM.java81 - https://login.salesforce.com/went to url and fetched url
20230611 22:09:01 INFO  [main] tests.automationScripts automationScripts.java126 - url entered successfully
20230611 22:10:07 INFO  [main] BaseTests.BaseTestPOM BaseTestPOM.java81 - https://login.salesforce.com/went to url and fetched url
20230611 22:10:07 INFO  [main] BaseTests.BaseTestPOM BaseTestPOM.java68 - url entered successfully
20230611 22:10:10 INFO  [main] BaseTests.BaseTestPOM BaseTestPOM.java81 - https://curious-unicorn-5zv0y8-dev-ed.my.salesforce.com/setup/forcecomHomepage.apexp?setupid=ForceComwent to url and fetched url
20230611 22:10:10 INFO  [main] tests.automationScripts automationScripts.java126 - url entered successfully
20230612 08:47:39 INFO  [main] BaseTests.BaseTestPOM BaseTestPOM.java81 - https://login.salesforce.com/went to url and fetched url
20230612 08:47:39 INFO  [main] BaseTests.BaseTestPOM BaseTestPOM.java68 - url entered successfully
20230612 08:47:39 INFO  [main] tests.automationScripts automationScripts.java102 - inside salesforce home page
20230612 08:47:46 INFO  [main] BaseTests.BaseTestPOM BaseTestPOM.java81 - https://login.salesforce.com/went to url and fetched url
20230612 08:47:46 INFO  [main] BaseTests.BaseTestPOM BaseTestPOM.java68 - url entered successfully
20230612 08:47:46 INFO  [main] tests.automationScripts automationScripts.java83 - inside salesforce login page
20230612 08:47:46 INFO  [main] tests.automationScripts automationScripts.java86 - application data property file is loaded
20230612 08:47:47 INFO  [main] base.BasePage BasePage.java53 - password is entered to the text filed
20230612 08:49:29 INFO  [main] BaseTests.BaseTestPOM BaseTestPOM.java81 - https://login.salesforce.com/went to url and fetched url
20230612 08:49:29 INFO  [main] BaseTests.BaseTestPOM BaseTestPOM.java68 - url entered successfully
20230612 08:49:29 INFO  [main] tests.automationScripts automationScripts.java102 - inside salesforce home page
20230612 08:49:36 INFO  [main] BaseTests.BaseTestPOM BaseTestPOM.java81 - https://login.salesforce.com/went to url and fetched url
20230612 08:49:36 INFO  [main] BaseTests.BaseTestPOM BaseTestPOM.java68 - url entered successfully
20230612 08:49:36 INFO  [main] tests.automationScripts automationScripts.java83 - inside salesforce login page
20230612 08:49:36 INFO  [main] tests.automationScripts automationScripts.java86 - application data property file is loaded
20230612 08:49:36 INFO  [main] base.BasePage BasePage.java53 - password is entered to the text filed
20230612 08:51:29 INFO  [main] BaseTests.BaseTestPOM BaseTestPOM.java81 - https://login.salesforce.com/went to url and fetched url
20230612 08:51:29 INFO  [main] BaseTests.BaseTestPOM BaseTestPOM.java68 - url entered successfully
20230612 08:51:29 INFO  [main] tests.automationScripts automationScripts.java105 - inside salesforce home page
20230612 08:51:29 INFO  [main] tests.automationScripts automationScripts.java108 - application data property file is loaded
20230612 08:51:29 INFO  [main] base.BasePage BasePage.java53 - password is entered to the text filed
20230612 08:51:32 INFO  [main] base.BasePage BasePage.java65 - login button is clicked
20230612 09:01:23 INFO  [main] BaseTests.BaseTestPOM BaseTestPOM.java81 - https://login.salesforce.com/went to url and fetched url
20230612 09:01:23 INFO  [main] BaseTests.BaseTestPOM BaseTestPOM.java68 - url entered successfully
20230612 09:01:23 INFO  [main] tests.automationScripts automationScripts.java105 - inside salesforce home page
20230612 09:01:23 INFO  [main] tests.automationScripts automationScripts.java108 - application data property file is loaded
20230612 09:01:24 INFO  [main] base.BasePage BasePage.java53 - password is entered to the text filed
20230612 09:01:26 INFO  [main] base.BasePage BasePage.java65 - login button is clicked
20230613 08:21:02 INFO  [main] BaseTests.BaseTestPOM BaseTestPOM.java81 - https://login.salesforce.com/went to url and fetched url
20230613 08:21:02 INFO  [main] BaseTests.BaseTestPOM BaseTestPOM.java68 - url entered successfully
20230613 08:21:02 INFO  [main] tests.automationScripts automationScripts.java105 - inside salesforce home page
20230613 08:21:02 INFO  [main] tests.automationScripts automationScripts.java108 - application data property file is loaded
20230613 08:21:02 INFO  [main] base.BasePage BasePage.java53 - password is entered to the text filed
20230613 08:21:05 INFO  [main] base.BasePage BasePage.java65 - login button is clicked
20230613 08:22:21 INFO  [main] BaseTests.BaseTestPOM BaseTestPOM.java81 - https://login.salesforce.com/went to url and fetched url
20230613 08:22:21 INFO  [main] BaseTests.BaseTestPOM BaseTestPOM.java68 - url entered successfully
20230613 08:22:21 INFO  [main] tests.automationScripts automationScripts.java105 - inside salesforce home page
20230613 08:22:21 INFO  [main] tests.automationScripts automationScripts.java108 - application data property file is loaded
20230613 08:22:21 INFO  [main] base.BasePage BasePage.java53 - password is entered to the text filed
20230613 08:22:23 INFO  [main] base.BasePage BasePage.java65 - login button is clicked
20230613 08:44:23 INFO  [main] BaseTests.BaseTestPOM BaseTestPOM.java81 - https://login.salesforce.com/went to url and fetched url
20230613 08:44:23 INFO  [main] BaseTests.BaseTestPOM BaseTestPOM.java68 - url entered successfully
20230613 08:44:23 INFO  [main] tests.automationScripts automationScripts.java105 - inside salesforce home page
20230613 08:44:23 INFO  [main] tests.automationScripts automationScripts.java108 - application data property file is loaded
20230613 08:44:23 INFO  [main] base.BasePage BasePage.java53 - password is entered to the text filed
20230613 08:44:25 INFO  [main] base.BasePage BasePage.java65 - login button is clicked
20230613 08:51:47 INFO  [main] BaseTests.BaseTestPOM BaseTestPOM.java81 - https://login.salesforce.com/went to url and fetched url
20230613 08:51:47 INFO  [main] BaseTests.BaseTestPOM BaseTestPOM.java68 - url entered successfully
20230613 08:51:47 INFO  [main] tests.automationScripts automationScripts.java105 - inside salesforce home page
20230613 08:51:47 INFO  [main] tests.automationScripts automationScripts.java108 - application data property file is loaded
20230613 08:51:47 INFO  [main] base.BasePage BasePage.java53 - password is entered to the text filed
20230613 08:51:49 INFO  [main] base.BasePage BasePage.java65 - login button is clicked
20230613 08:53:32 INFO  [main] BaseTests.BaseTestPOM BaseTestPOM.java81 - https://login.salesforce.com/went to url and fetched url
20230613 08:53:32 INFO  [main] BaseTests.BaseTestPOM BaseTestPOM.java68 - url entered successfully
20230613 08:53:32 INFO  [main] tests.automationScripts automationScripts.java105 - inside salesforce home page
20230613 08:53:32 INFO  [main] tests.automationScripts automationScripts.java108 - application data property file is loaded
20230613 08:53:32 INFO  [main] base.BasePage BasePage.java53 - password is entered to the text filed
20230613 08:53:34 INFO  [main] base.BasePage BasePage.java65 - login button is clicked
20230613 08:55:41 INFO  [main] BaseTests.BaseTestPOM BaseTestPOM.java81 - https://login.salesforce.com/went to url and fetched url
20230613 08:55:41 INFO  [main] BaseTests.BaseTestPOM BaseTestPOM.java68 - url entered successfully
20230613 08:55:41 INFO  [main] tests.automationScripts automationScripts.java105 - inside salesforce home page
20230613 08:55:41 INFO  [main] tests.automationScripts automationScripts.java108 - application data property file is loaded
20230613 08:55:42 INFO  [main] base.BasePage BasePage.java53 - password is entered to the text filed
20230613 08:55:43 INFO  [main] base.BasePage BasePage.java65 - login button is clicked
20230613 08:57:42 INFO  [main] BaseTests.BaseTestPOM BaseTestPOM.java81 - https://login.salesforce.com/went to url and fetched url
20230613 08:57:42 INFO  [main] BaseTests.BaseTestPOM BaseTestPOM.java68 - url entered successfully
20230613 08:57:42 INFO  [main] tests.automationScripts automationScripts.java105 - inside salesforce home page
20230613 08:57:42 INFO  [main] tests.automationScripts automationScripts.java108 - application data property file is loaded
20230613 08:57:43 INFO  [main] base.BasePage BasePage.java53 - password is entered to the text filed
20230613 08:57:44 INFO  [main] base.BasePage BasePage.java65 - login button is clicked
